SF:lib\model\php_version.dart
DA:9,1
DA:11,1
DA:12,4
DA:16,0
DA:19,0
DA:22,0
DA:25,0
DA:26,0
DA:30,0
DA:32,0
DA:33,0
LF:11
LH:3
end_of_record
SF:lib\components\part\notification.dart
DA:3,1
DA:4,1
DA:7,1
DA:8,1
DA:15,2
DA:16,1
DA:17,1
DA:18,1
DA:21,1
DA:22,1
DA:23,2
DA:26,1
DA:27,2
LF:13
LH:13
end_of_record
SF:lib\utils\runtime.dart
DA:3,2
DA:5,2
DA:6,2
LF:3
LH:3
end_of_record
SF:lib\utils\process.dart
DA:3,2
DA:5,4
DA:6,3
DA:7,1
DA:8,4
DA:11,1
DA:17,1
DA:19,1
DA:30,1
DA:32,2
DA:37,2
DA:38,1
DA:45,1
DA:47,1
DA:48,1
DA:49,1
DA:51,1
DA:53,0
LF:18
LH:17
end_of_record
SF:lib\utils\slide_left_route.dart
DA:6,1
DA:7,1
DA:8,0
DA:9,0
DA:14,0
DA:15,0
DA:16,0
LF:7
LH:2
end_of_record
SF:lib\utils\terminal_context.dart
DA:6,2
DA:8,1
DA:9,3
DA:10,1
LF:4
LH:4
end_of_record
SF:lib\main.dart
DA:13,0
DA:14,0
DA:15,0
DA:17,0
DA:18,0
DA:26,0
DA:27,0
DA:28,0
DA:29,0
DA:30,0
DA:33,0
DA:34,0
DA:35,0
DA:42,1
DA:44,1
DA:46,1
DA:49,2
DA:56,1
DA:58,1
DA:59,1
DA:62,1
DA:63,1
DA:70,0
DA:71,0
DA:72,0
DA:73,0
DA:74,0
DA:75,0
DA:76,0
DA:77,0
LF:30
LH:9
end_of_record
SF:lib\components\httpd_control.dart
DA:12,1
DA:14,1
DA:15,1
DA:23,0
DA:24,0
DA:25,0
DA:27,0
DA:28,0
DA:31,1
DA:32,1
DA:33,1
DA:34,0
DA:35,0
DA:36,0
DA:41,0
DA:42,0
DA:43,0
DA:44,0
DA:47,0
DA:48,0
DA:49,0
DA:51,0
DA:53,0
DA:59,0
DA:61,0
DA:62,0
DA:63,0
DA:67,0
DA:68,0
DA:72,0
DA:73,0
DA:74,0
DA:75,0
DA:76,0
DA:79,1
DA:81,1
DA:82,1
DA:83,2
DA:84,0
DA:88,1
DA:90,2
DA:91,1
DA:94,1
DA:96,1
DA:98,1
DA:99,1
DA:100,1
DA:101,1
DA:102,1
LF:49
LH:20
end_of_record
SF:lib\components\service_control_card.dart
DA:13,1
DA:24,1
DA:26,1
DA:27,1
DA:30,1
DA:31,1
DA:33,1
DA:35,1
DA:36,1
DA:39,1
DA:40,1
DA:41,1
DA:46,1
DA:47,0
DA:50,0
DA:54,0
DA:55,0
DA:58,1
DA:61,1
DA:65,1
DA:72,1
DA:73,1
DA:74,3
DA:79,1
DA:80,1
DA:81,1
DA:84,1
DA:85,1
DA:90,1
DA:91,1
DA:92,1
DA:93,2
DA:98,1
DA:100,1
DA:101,1
DA:102,1
LF:36
LH:32
end_of_record
SF:lib\components\information.dart
DA:10,1
DA:12,0
DA:13,0
DA:20,0
DA:21,0
DA:22,0
DA:26,0
DA:28,0
DA:29,0
DA:32,0
DA:33,0
DA:34,0
DA:38,0
DA:41,0
DA:42,0
DA:43,0
DA:46,0
DA:47,0
DA:48,0
DA:49,0
DA:51,0
DA:53,0
DA:54,0
DA:57,0
DA:58,0
DA:61,0
DA:64,0
DA:68,0
DA:70,0
DA:71,0
DA:73,0
DA:75,0
DA:76,0
DA:77,0
DA:78,0
DA:80,0
DA:82,0
DA:83,0
DA:84,0
DA:85,0
DA:86,0
DA:87,0
DA:88,0
LF:43
LH:1
end_of_record
SF:lib\components\mariadb_control.dart
DA:14,1
DA:16,1
DA:17,1
DA:26,0
DA:27,0
DA:28,0
DA:30,0
DA:31,0
DA:34,0
DA:35,0
DA:38,0
DA:39,0
DA:40,0
DA:42,0
DA:44,0
DA:48,0
DA:53,0
DA:54,0
DA:55,0
DA:59,0
DA:60,0
DA:64,1
DA:65,1
DA:67,1
DA:68,0
DA:70,0
DA:71,0
DA:72,0
DA:75,0
DA:76,0
DA:77,0
DA:79,0
DA:80,0
DA:81,0
DA:85,0
DA:86,0
DA:87,0
DA:89,0
DA:90,0
DA:91,0
DA:93,0
DA:97,0
DA:98,0
DA:99,0
DA:100,0
DA:106,0
DA:107,0
DA:108,0
DA:113,0
DA:114,0
DA:115,0
DA:116,0
DA:117,0
DA:119,0
DA:122,1
DA:124,1
DA:125,1
DA:126,2
DA:127,0
DA:131,1
DA:133,2
DA:134,1
DA:137,1
DA:139,1
DA:141,1
DA:142,1
DA:143,1
DA:144,1
DA:145,1
LF:69
LH:20
end_of_record
SF:lib\components\nginx_control.dart
DA:12,1
DA:14,1
DA:15,1
DA:23,0
DA:24,0
DA:25,0
DA:27,0
DA:28,0
DA:31,1
DA:32,1
DA:33,1
DA:34,0
DA:35,0
DA:36,0
DA:41,0
DA:42,0
DA:43,0
DA:44,0
DA:46,0
DA:47,0
DA:49,0
DA:52,0
DA:53,0
DA:54,0
DA:56,0
DA:58,0
DA:62,0
DA:64,0
DA:68,0
DA:70,0
DA:71,0
DA:72,0
DA:75,0
DA:76,0
DA:80,0
DA:81,0
DA:82,0
DA:83,0
DA:84,0
DA:87,1
DA:89,1
DA:90,1
DA:91,2
DA:92,0
DA:96,1
DA:98,2
DA:99,1
DA:102,1
DA:104,1
DA:106,1
DA:107,1
DA:108,1
DA:109,1
DA:110,1
LF:54
LH:20
end_of_record
SF:lib\components\part\about.dart
DA:4,1
DA:6,0
DA:7,0
DA:11,0
DA:13,0
DA:14,0
DA:15,0
DA:17,0
DA:21,0
LF:9
LH:1
end_of_record
SF:lib\components\part\download.dart
DA:7,1
DA:9,0
DA:10,0
DA:17,0
DA:20,0
DA:22,0
DA:28,0
DA:36,0
DA:37,0
DA:38,0
DA:39,0
DA:43,0
DA:44,0
DA:45,0
DA:46,0
DA:47,0
DA:51,0
DA:53,0
DA:54,0
DA:56,0
DA:58,0
DA:59,0
DA:60,0
DA:61,0
DA:64,0
DA:65,0
DA:66,0
DA:67,0
DA:68,0
DA:69,0
DA:71,0
DA:72,0
DA:73,0
DA:75,0
DA:76,0
DA:77,0
DA:78,0
DA:79,0
DA:80,0
DA:81,0
DA:85,0
DA:86,0
DA:90,0
DA:92,0
DA:94,0
DA:95,0
DA:96,0
DA:97,0
DA:98,0
DA:103,0
DA:104,0
DA:105,0
DA:106,0
DA:108,0
DA:110,0
DA:126,0
DA:127,0
DA:129,0
LF:58
LH:1
end_of_record
SF:lib\components\part\settings.dart
DA:7,1
DA:9,0
DA:10,0
DA:21,0
DA:22,0
DA:23,0
DA:24,0
DA:25,0
DA:26,0
DA:27,0
DA:31,0
DA:32,0
DA:33,0
DA:35,0
DA:37,0
DA:38,0
DA:40,0
DA:44,0
DA:47,0
DA:48,0
DA:50,0
DA:54,0
DA:57,0
DA:58,0
DA:60,0
DA:64,0
DA:68,0
DA:69,0
DA:71,0
DA:77,0
DA:79,0
DA:80,0
DA:83,0
DA:85,0
DA:87,0
DA:92,0
DA:93,0
DA:94,0
DA:95,0
DA:97,0
DA:98,0
DA:109,0
DA:111,0
DA:112,0
DA:113,0
DA:114,0
DA:115,0
DA:116,0
DA:117,0
DA:118,0
DA:121,0
DA:122,0
DA:123,0
DA:128,0
DA:129,0
DA:134,0
DA:135,0
DA:146,0
DA:147,0
DA:149,0
DA:150,0
DA:160,0
DA:161,0
DA:162,0
DA:164,0
DA:166,0
DA:172,0
DA:173,0
DA:175,0
DA:176,0
DA:177,0
DA:178,0
DA:180,0
DA:196,0
DA:197,0
DA:198,0
DA:199,0
DA:201,0
DA:205,0
LF:79
LH:1
end_of_record
SF:lib\components\postgresql_control.dart
DA:10,1
DA:12,1
DA:13,1
DA:22,1
DA:23,1
DA:24,1
DA:25,0
DA:26,0
DA:27,0
DA:32,0
DA:33,0
DA:34,0
DA:36,0
DA:37,0
DA:40,0
DA:41,0
DA:43,0
DA:44,0
DA:45,0
DA:48,0
DA:50,0
DA:52,0
DA:53,0
DA:55,0
DA:56,0
DA:57,0
DA:60,0
DA:61,0
DA:65,0
DA:66,0
DA:68,0
DA:69,0
DA:75,1
DA:77,1
DA:78,1
DA:79,2
DA:80,0
DA:84,1
DA:86,2
DA:87,1
DA:90,1
DA:92,1
DA:94,1
DA:95,1
DA:96,1
DA:97,1
DA:98,1
LF:47
LH:20
end_of_record
SF:lib\components\redis_control.dart
DA:10,1
DA:12,1
DA:13,1
DA:22,1
DA:23,1
DA:24,1
DA:25,0
DA:26,0
DA:27,0
DA:32,0
DA:33,0
DA:34,0
DA:36,0
DA:37,0
DA:40,0
DA:41,0
DA:43,0
DA:44,0
DA:45,0
DA:48,0
DA:53,0
DA:55,0
DA:56,0
DA:60,0
DA:61,0
DA:62,0
DA:65,0
DA:66,0
DA:70,0
DA:71,0
DA:73,0
DA:74,0
DA:80,1
DA:82,1
DA:83,1
DA:84,2
DA:85,0
DA:89,1
DA:91,2
DA:92,1
DA:95,1
DA:97,1
DA:99,1
DA:100,1
DA:101,1
DA:102,1
DA:103,1
LF:47
LH:20
end_of_record
SF:lib\components\xampp_sameless.dart
DA:9,1
DA:11,1
DA:12,1
DA:20,1
DA:22,1
DA:23,1
DA:26,1
DA:27,1
DA:28,0
DA:30,0
DA:31,0
DA:32,0
DA:33,0
DA:34,0
DA:38,0
DA:39,0
DA:42,0
DA:43,0
DA:44,0
DA:46,0
DA:48,0
DA:53,0
DA:54,0
DA:55,0
DA:56,0
DA:58,0
DA:59,0
DA:60,0
DA:61,0
DA:66,1
DA:68,1
DA:70,1
DA:71,1
DA:73,1
DA:75,1
DA:76,1
DA:78,3
DA:81,1
DA:83,2
DA:88,1
DA:93,1
DA:94,1
DA:97,1
DA:98,1
DA:101,1
DA:102,1
DA:103,1
DA:104,3
DA:111,1
DA:113,1
DA:121,1
DA:123,0
DA:124,0
LF:53
LH:30
end_of_record
SF:lib\home.dart
DA:13,1
DA:15,1
DA:16,1
DA:22,1
DA:24,1
DA:25,1
DA:28,1
DA:30,1
DA:38,1
DA:39,1
DA:41,1
DA:42,1
DA:43,0
DA:46,1
DA:47,0
DA:52,1
DA:54,1
DA:55,2
DA:56,1
DA:58,1
DA:64,1
DA:65,1
DA:68,1
DA:70,5
DA:71,4
DA:73,1
DA:74,1
DA:76,1
DA:97,1
DA:98,1
DA:99,1
DA:102,0
DA:105,1
DA:108,0
DA:116,1
DA:117,0
DA:122,1
DA:124,1
DA:126,1
DA:127,1
DA:133,1
DA:134,0
DA:138,1
DA:139,2
DA:140,0
DA:141,0
DA:142,0
DA:145,1
DA:163,1
DA:169,1
DA:171,1
DA:172,1
DA:174,1
DA:175,1
DA:177,1
DA:178,1
DA:179,1
DA:180,1
DA:182,1
DA:184,1
DA:185,2
DA:187,2
LF:62
LH:53
end_of_record
